2026-07-21T09:17:05.650+03:00  WARN 25928 --- [backend-06-26] [HikariPool-1:housekeeper] com.zaxxer.hikari.pool.PoolBase          : HikariPool-1 - Failed to validate connection org.postgresql.jdbc.PgConnection@392d3955 (This connection has been closed.). Possibly consider using a shorter maxLifetime value.
2026-07-21T09:17:05.691+03:00  WARN 25928 --- [backend-06-26] [HikariPool-1:housekeeper] com.zaxxer.hikari.pool.PoolBase          : HikariPool-1 - Failed to validate connection org.postgresql.jdbc.PgConnection@1eb8b6eb (This connection has been closed.). Possibly consider using a shorter maxLifetime value.
2026-07-21T09:17:05.692+03:00  WARN 25928 --- [backend-06-26] [HikariPool-1:housekeeper] com.zaxxer.hikari.pool.HikariPool        : HikariPool-1 - Thread starvation or clock leap detected (housekeeper delta=9h45m34s89ms989µs).
2026-07-21T09:17:05.702+03:00  WARN 25928 --- [backend-06-26] [HikariPool-1:housekeeper] com.zaxxer.hikari.pool.PoolBase          : HikariPool-1 - Failed to validate connection org.postgresql.jdbc.PgConnection@66ecd934 (This connection has been closed.). Possibly consider using a shorter maxLifetime value.
2026-07-21T09:17:05.706+03:00  WARN 25928 --- [backend-06-26] [HikariPool-1:housekeeper] com.zaxxer.hikari.pool.PoolBase          : HikariPool-1 - Failed to validate connection org.postgresql.jdbc.PgConnection@64398271 (This connection has been closed.). Possibly consider using a shorter maxLifetime value.
2026-07-21T09:17:05.712+03:00  WARN 25928 --- [backend-06-26] [HikariPool-1:housekeeper] com.zaxxer.hikari.pool.PoolBase          : HikariPool-1 - Failed to validate connection org.postgresql.jdbc.PgConnection@3f6d6ff3 (This connection has been closed.). Possibly consider using a shorter maxLifetime value.
2026-07-21T09:17:05.717+03:00  WARN 25928 --- [backend-06-26] [HikariPool-1:housekeeper] com.zaxxer.hikari.pool.PoolBase          : HikariPool-1 - Failed to validate connection org.postgresql.jdbc.PgConnection@92bfe7e (This connection has been closed.). Possibly consider using a shorter maxLifetime value.
2026-07-21T09:17:05.722+03:00  WARN 25928 --- [backend-06-26] [HikariPool-1:housekeeper] com.zaxxer.hikari.pool.PoolBase          : HikariPool-1 - Failed to validate connection org.postgresql.jdbc.PgConnection@98eb316 (This connection has been closed.). Possibly consider using a shorter maxLifetime value.
2026-07-21T09:17:05.728+03:00  WARN 25928 --- [backend-06-26] [HikariPool-1:housekeeper] com.zaxxer.hikari.pool.PoolBase          : HikariPool-1 - Failed to validate connection org.postgresql.jdbc.PgConnection@210c925c (This connection has been closed.). Possibly consider using a shorter maxLifetime value.
2026-07-21T09:17:05.734+03:00  WARN 25928 --- [backend-06-26] [HikariPool-1:housekeeper] com.zaxxer.hikari.pool.PoolBase          : HikariPool-1 - Failed to validate connection org.postgresql.jdbc.PgConnection@754a6379 (This connection has been closed.). Possibly consider using a shorter maxLifetime value.
2026-07-21T09:17:05.740+03:00  WARN 25928 --- [backend-06-26] [HikariPool-1:housekeeper] com.zaxxer.hikari.pool.PoolBase          : HikariPool-1 - Failed to validate connection org.postgresql.jdbc.PgConnection@2344aba0 (This connection has been closed.). Possibly consider using a shorter maxLifetime value.
2026-07-21T09:18:08.423+03:00  INFO 25928 --- [backend-06-26] [MessageBroker-6] o.s.w.s.c.WebSocketMessageBrokerStats    : WebSocketSession[0 current WS(0)-HttpStream(0)-HttpPoll(0), 0 total, 0 closed abnormally (0 connect failure, 0 send limit, 0 transport error)], stompSubProtocol[processed CONNECT(0)-CONNECTED(0)-DISCONNECT(0)], stompBrokerRelay[null], inboundChannel[pool size = 0, active threads = 0, queued tasks = 0, completed tasks = 0], outboundChannel[pool size = 0, active threads = 0, queued tasks = 0, completed tasks = 0], sockJsScheduler[pool size = 9, active threads = 2, queued tasks = 1, completed tasks = 6]
2026-07-21T09:32:25.957+03:00  INFO 25928 --- [backend-06-26] [SpringApplicationShutdownHook] o.s.boot.tomcat.GracefulShutdown         : Commencing graceful shutdown. Waiting for active requests to complete
2026-07-21T09:32:25.968+03:00  INFO 25928 --- [backend-06-26] [tomcat-shutdown] o.s.boot.tomcat.GracefulShutdown         : Graceful shutdown complete
2026-07-21T09:32:25.971+03:00  INFO 25928 --- [backend-06-26] [SpringApplicationShutdownHook] o.s.m.s.b.SimpleBrokerMessageHandler     : Stopping...
2026-07-21T09:32:25.971+03:00  INFO 25928 --- [backend-06-26] [SpringApplicationShutdownHook] o.s.m.s.b.SimpleBrokerMessageHandler     : BrokerAvailabilityEvent[available=false, SimpleBrokerMessageHandler [org.springframework.messaging.simp.broker.DefaultSubscriptionRegistry@3b48ffe8]]
2026-07-21T09:32:25.971+03:00  INFO 25928 --- [backend-06-26] [SpringApplicationShutdownHook] o.s.m.s.b.SimpleBrokerMessageHandler     : Stopped.
2026-07-21T09:32:25.989+03:00  INFO 25928 --- [backend-06-26] [SpringApplicationShutdownHook] j.LocalContainerEntityManagerFactoryBean : Closing JPA EntityManagerFactory for persistence unit 'default'
2026-07-21T09:32:25.993+03:00  INFO 25928 --- [backend-06-26] [SpringApplicationShutdownHook] com.zaxxer.hikari.HikariDataSource       : HikariPool-1 - Shutdown initiated...
2026-07-21T09:32:27.798+03:00  INFO 25928 --- [backend-06-26] [SpringApplicationShutdownHook] com.zaxxer.hikari.HikariDataSource       : HikariPool-1 - Shutdown completed.
